#
# A fatal error has been detected by the Java Runtime Environment:
#
#  EXCEPTION_ACCESS_VIOLATION (0xc0000005) at pc=0x00007ffef2c017d9, pid=12836, tid=37060
#
# JRE version: Java(TM) SE Runtime Environment 18.9 (11.0.15+8) (build 11.0.15+8-LTS-149)
# Java VM: Java HotSpot(TM) 64-Bit Server VM 18.9 (11.0.15+8-LTS-149, mixed mode, tiered, compressed oops, g1 gc, windows-amd64)
# Problematic frame:
# V  [jvm.dll+0x3b17d9]
#
# No core dump will be written. Minidumps are not enabled by default on client versions of Windows
#
# If you would like to submit a bug report, please visit:
#   https://bugreport.java.com/bugreport/crash.jsp
#

---------------  S U M M A R Y ------------

Command Line: C:\Users\ahmad\IdeaProjects\BarberShopFX\out\artifacts\BarberShopFX_jar\BarberShopFX.jar

Host: Intel(R) Core(TM) i7-9750H CPU @ 2.60GHz, 12 cores, 15G,  Windows 11 , 64 bit Build 25188 (10.0.25188.1000)
Time: Fri Sep  2 14:06:37 2022 Egypt Standard Time elapsed time: 101.584087 seconds (0d 0h 1m 41s)

---------------  T H R E A D  ---------------

Current thread (0x0000022854f92000):  JavaThread "JavaFX Application Thread" [_thread_in_vm, id=37060, stack(0x00000054b9300000,0x00000054b9400000)]

Stack: [0x00000054b9300000,0x00000054b9400000],  sp=0x00000054b93fe860,  free space=1018k
Native frames: (J=compiled Java code, j=interpreted, Vv=VM code, C=native code)
V  [jvm.dll+0x3b17d9]
C  [glass.dll+0x26ec]

Java frames: (J=compiled Java code, j=interpreted, Vv=VM code)
j  com.sun.glass.ui.win.WinApplication._runLoop(Ljava/lang/Runnable;)V+0
j  com.sun.glass.ui.win.WinApplication.lambda$runLoop$3(ILjava/lang/Runnable;)V+8
j  com.sun.glass.ui.win.WinApplication$$Lambda$48.run()V+12
j  java.lang.Thread.run()V+11 java.base@11.0.15
v  ~StubRoutines::call_stub

siginfo: EXCEPTION_ACCESS_VIOLATION (0xc0000005), reading address 0x0000000000000000


Register to memory mapping:

RIP=0x00007ffef2c017d9 jvm.dll
RAX=0x0 is NULL
RBX=0x0000022854f92000 is a thread
RCX=0x0000022854f92000 is a thread
RDX=0x0000000000000006 is an unknown value
RSP=0x00000054b93fe860 is pointing into the stack for thread: 0x0000022854f92000
RBP=0x0 is NULL
RSI=0x0000022854f92000 is a thread
RDI=0x0 is NULL
R8 =0x0 is NULL
R9 =0x00000054b93fe978 is pointing into the stack for thread: 0x0000022854f92000
R10=0x00000228550bc580 points into unknown readable memory: 0x0000007800000003 | 03 00 00 00 78 00 00 00
R11=0x00000054b93fe950 is pointing into the stack for thread: 0x0000022854f92000
R12=0x00000054b93fe978 is pointing into the stack for thread: 0x0000022854f92000
R13=0x0000000000000001 is an unknown value
R14=0x0000022854f92348 points into unknown readable memory: 0x00007ffef3231d10 | 10 1d 23 f3 fe 7f 00 00
R15=0x0 is NULL


Registers:
RAX=0x0000000000000000, RBX=0x0000022854f92000, RCX=0x0000022854f92000, RDX=0x0000000000000006
RSP=0x00000054b93fe860, RBP=0x0000000000000000, RSI=0x0000022854f92000, RDI=0x0000000000000000
R8 =0x0000000000000000, R9 =0x00000054b93fe978, R10=0x00000228550bc580, R11=0x00000054b93fe950
R12=0x00000054b93fe978, R13=0x0000000000000001, R14=0x0000022854f92348, R15=0x0000000000000000
RIP=0x00007ffef2c017d9, EFLAGS=0x0000000000010246

Top of Stack: (sp=0x00000054b93fe860)
0x00000054b93fe860:   0000022854f92000 00007ffef2c294cb
0x00000054b93fe870:   0000c6ef0274b169 00000054b93fe950
0x00000054b93fe880:   00007ffef2f72490 00000000000000d4
0x00000054b93fe890:   0000022854f92000 0000000000000000
0x00000054b93fe8a0:   0000022854f92000 00007ffef2bf4c99
0x00000054b93fe8b0:   0000022854f92000 0000000000000000
0x00000054b93fe8c0:   0000022854f92000 0000022854f92348
0x00000054b93fe8d0:   0000022854f92348 00007fff456f164d
0x00000054b93fe8e0:   0000022854f92348 0000000000000000
0x00000054b93fe8f0:   0000022854f92348 0000000000000000
0x00000054b93fe900:   00000000000000d4 0000022854e43254
0x00000054b93fe910:   0000022854f92348 0000000000000000
0x00000054b93fe920:   0000000000000000 00007fff456e26ec
0x00000054b93fe930:   0000022854f92000 0000022854f92348
0x00000054b93fe940:   00000054b93fead0 0000022853dc2fc0
0x00000054b93fe950:   0000022854e43254 00007fff456f4bae 

Instructions: (pc=0x00007ffef2c017d9)
0x00007ffef2c017b9:   ff 48 83 7b 08 00 48 89 5c 24 50 48 c7 44 24 58
0x00007ffef2c017c9:   00 00 00 00 74 0a 48 8d 4c 24 50 e8 77 97 2a 00
0x00007ffef2c017d9:   49 8b 07 48 8d 4c 24 70 c7 44 24 40 0c 00 00 00
0x00007ffef2c017e9:   48 8b 50 08 0f b7 42 2c 48 8b 52 08 48 8b 54 c2 


Stack slot to memory mapping:
stack at sp + 0 slots: 0x0000022854f92000 is a thread
stack at sp + 1 slots: 0x00007ffef2c294cb jvm.dll
stack at sp + 2 slots: 0x0000c6ef0274b169 is an unknown value
stack at sp + 3 slots: 0x00000054b93fe950 is pointing into the stack for thread: 0x0000022854f92000
stack at sp + 4 slots: 0x00007ffef2f72490 jvm.dll
stack at sp + 5 slots: 0x00000000000000d4 is an unknown value
stack at sp + 6 slots: 0x0000022854f92000 is a thread
stack at sp + 7 slots: 0x0 is NULL


---------------  P R O C E S S  ---------------

Threads class SMR info:
_java_thread_list=0x000002285d09abf0, length=18, elements={
0x0000022830d33000, 0x0000022853db1000, 0x0000022853dba800, 0x00000228546c5800,
0x0000022853dcd800, 0x000002285467b000, 0x000002285467f800, 0x0000022854680000,
0x00000228546f3000, 0x0000022854860800, 0x00000228549b0000, 0x0000022854d6e000,
0x0000022854e84800, 0x0000022854f92000, 0x00000228559eb000, 0x000002285d86a800,
0x0000022855fb8000, 0x000002285d7ee800
}

Java Threads: ( => current thread )
  0x0000022830d33000 JavaThread "main" [_thread_blocked, id=34800, stack(0x00000054b7e00000,0x00000054b7f00000)]
  0x0000022853db1000 JavaThread "Reference Handler" daemon [_thread_blocked, id=29460, stack(0x00000054b8500000,0x00000054b8600000)]
  0x0000022853dba800 JavaThread "Finalizer" daemon [_thread_blocked, id=37580, stack(0x00000054b8600000,0x00000054b8700000)]
  0x00000228546c5800 JavaThread "Signal Dispatcher" daemon [_thread_blocked, id=37112, stack(0x00000054b8700000,0x00000054b8800000)]
  0x0000022853dcd800 JavaThread "Attach Listener" daemon [_thread_blocked, id=25680, stack(0x00000054b8800000,0x00000054b8900000)]
  0x000002285467b000 JavaThread "Service Thread" daemon [_thread_blocked, id=29160, stack(0x00000054b8900000,0x00000054b8a00000)]
  0x000002285467f800 JavaThread "C2 CompilerThread0" daemon [_thread_blocked, id=17588, stack(0x00000054b8a00000,0x00000054b8b00000)]
  0x0000022854680000 JavaThread "C1 CompilerThread0" daemon [_thread_blocked, id=32912, stack(0x00000054b8b00000,0x00000054b8c00000)]
  0x00000228546f3000 JavaThread "Sweeper thread" daemon [_thread_blocked, id=13448, stack(0x00000054b8c00000,0x00000054b8d00000)]
  0x0000022854860800 JavaThread "Common-Cleaner" daemon [_thread_blocked, id=31616, stack(0x00000054b8e00000,0x00000054b8f00000)]
  0x00000228549b0000 JavaThread "JavaFX-Launcher" [_thread_blocked, id=32016, stack(0x00000054b9100000,0x00000054b9200000)]
  0x0000022854d6e000 JavaThread "QuantumRenderer-0" daemon [_thread_blocked, id=27592, stack(0x00000054b8f00000,0x00000054b9000000)]
  0x0000022854e84800 JavaThread "InvokeLaterDispatcher" daemon [_thread_blocked, id=2776, stack(0x00000054b9200000,0x00000054b9300000)]
=>0x0000022854f92000 JavaThread "JavaFX Application Thread" [_thread_in_vm, id=37060, stack(0x00000054b9300000,0x00000054b9400000)]
  0x00000228559eb000 JavaThread "Thread-2" daemon [_thread_in_native, id=8688, stack(0x00000054b9700000,0x00000054b9800000)]
  0x000002285d86a800 JavaThread "Prism Font Disposer" daemon [_thread_blocked, id=30992, stack(0x00000054ba000000,0x00000054ba100000)]
  0x0000022855fb8000 JavaThread "Cleaner-0" daemon [_thread_blocked, id=34944, stack(0x00000054ba400000,0x00000054ba500000)]
  0x000002285d7ee800 JavaThread "Abandoned connection cleanup thread" daemon [_thread_blocked, id=26304, stack(0x00000054b9000000,0x00000054b9100000)]

Other Threads:
  0x0000022853dae000 VMThread "VM Thread" [stack: 0x00000054b8400000,0x00000054b8500000] [id=20104]
  0x000002285485d000 WatcherThread [stack: 0x00000054b8d00000,0x00000054b8e00000] [id=33032]
  0x0000022830d48000 GCTaskThread "GC Thread#0" [stack: 0x00000054b7f00000,0x00000054b8000000] [id=19532]
  0x000002285583e800 GCTaskThread "GC Thread#1" [stack: 0x00000054b9800000,0x00000054b9900000] [id=10628]
  0x0000022855844000 GCTaskThread "GC Thread#2" [stack: 0x00000054b9900000,0x00000054b9a00000] [id=25736]
  0x0000022855847800 GCTaskThread "GC Thread#3" [stack: 0x00000054b9a00000,0x00000054b9b00000] [id=32316]
  0x0000022855848000 GCTaskThread "GC Thread#4" [stack: 0x00000054b9b00000,0x00000054b9c00000] [id=28000]
  0x0000022855849000 GCTaskThread "GC Thread#5" [stack: 0x00000054b9c00000,0x00000054b9d00000] [id=36064]
  0x0000022830da3000 ConcurrentGCThread "G1 Main Marker" [stack: 0x00000054b8000000,0x00000054b8100000] [id=2908]
  0x0000022830da5800 ConcurrentGCThread "G1 Conc#0" [stack: 0x00000054b8100000,0x00000054b8200000] [id=28536]
  0x0000022855877800 ConcurrentGCThread "G1 Conc#1" [stack: 0x00000054ba100000,0x00000054ba200000] [id=36576]
  0x0000022855f88800 ConcurrentGCThread "G1 Conc#2" [stack: 0x00000054ba200000,0x00000054ba300000] [id=14732]
  0x0000022853c91800 ConcurrentGCThread "G1 Refine#0" [stack: 0x00000054b8200000,0x00000054b8300000] [id=12404]
  0x0000022856452000 ConcurrentGCThread "G1 Refine#1" [stack: 0x00000054b7b00000,0x00000054b7c00000] [id=24008]
  0x000002285f8ef800 ConcurrentGCThread "G1 Refine#2" [stack: 0x00000054b7c00000,0x00000054b7d00000] [id=28564]
  0x00000228561af800 ConcurrentGCThread "G1 Refine#3" [stack: 0x00000054b7d00000,0x00000054b7e00000] [id=36964]
  0x000002285d52f800 ConcurrentGCThread "G1 Refine#4" [stack: 0x00000054b9600000,0x00000054b9700000] [id=26532]
  0x000002285f8c4800 ConcurrentGCThread "G1 Refine#5" [stack: 0x00000054ba300000,0x00000054ba400000] [id=9284]
  0x00000228602ec800 ConcurrentGCThread "G1 Refine#6" [stack: 0x00000054ba500000,0x00000054ba600000] [id=34948]
  0x0000022853c94800 ConcurrentGCThread "G1 Young RemSet Sampling" [stack: 0x00000054b8300000,0x00000054b8400000] [id=5772]

Threads with active compile tasks:

VM state:not at safepoint (normal execution)

VM Mutex/Monitor currently owned by a thread: None

Heap address: 0x0000000702400000, size: 4060 MB, Compressed Oops mode: Zero based, Oop shift amount: 3
Narrow klass base: 0x0000000800000000, Narrow klass shift: 0
Compressed class space size: 1073741824 Address: 0x0000000800000000

Heap:
 garbage-first heap   total 260096K, used 47283K [0x0000000702400000, 0x0000000800000000)
  region size 1024K, 6 young (6144K), 1 survivors (1024K)
 Metaspace       used 34155K, capacity 35831K, committed 36096K, reserved 1081344K
  class space    used 4227K, capacity 4897K, committed 4992K, reserved 1048576K
Heap Regions: E=young(eden), S=young(survivor), O=old, HS=humongous(starts), HC=humongous(continues), CS=collection set, F=free, A=archive, TAMS=top-at-mark-start (previous, next)
|   0|0x0000000702400000, 0x0000000702500000, 0x0000000702500000|100%|HS|  |TAMS 0x0000000702500000, 0x0000000702400000| Complete 
|   1|0x0000000702500000, 0x0000000702600000, 0x0000000702600000|100%|HC|  |TAMS 0x0000000702600000, 0x0000000702500000| Complete 
|   2|0x0000000702600000, 0x0000000702700000, 0x0000000702700000|100%|HS|  |TAMS 0x0000000702700000, 0x0000000702600000| Complete 
|   3|0x0000000702700000, 0x0000000702800000, 0x0000000702800000|100%| O|  |TAMS 0x0000000702800000, 0x0000000702700000| Untracked 
|   4|0x0000000702800000, 0x0000000702900000, 0x0000000702900000|100%|HS|  |TAMS 0x0000000702900000, 0x0000000702800000| Complete 
|   5|0x0000000702900000, 0x0000000702a00000, 0x0000000702a00000|100%|HC|  |TAMS 0x0000000702a00000, 0x0000000702900000| Complete 
|   6|0x0000000702a00000, 0x0000000702b00000, 0x0000000702b00000|100%|HC|  |TAMS 0x0000000702b00000, 0x0000000702a00000| Complete 
|   7|0x0000000702b00000, 0x0000000702c00000, 0x0000000702c00000|100%|HC|  |TAMS 0x0000000702c00000, 0x0000000702b00000| Complete 
|   8|0x0000000702c00000, 0x0000000702d00000, 0x0000000702d00000|100%| O|  |TAMS 0x0000000702d00000, 0x0000000702c00000| Untracked 
|   9|0x0000000702d00000, 0x0000000702e00000, 0x0000000702e00000|100%|HS|  |TAMS 0x0000000702e00000, 0x0000000702d00000| Complete 
|  10|0x0000000702e00000, 0x0000000702f00000, 0x0000000702f00000|100%|HC|  |TAMS 0x0000000702f00000, 0x0000000702e00000| Complete 
|  11|0x0000000702f00000, 0x0000000703000000, 0x0000000703000000|100%| O|  |TAMS 0x0000000703000000, 0x0000000702f00000| Untracked 
|  12|0x0000000703000000, 0x0000000703100000, 0x0000000703100000|100%| O|  |TAMS 0x0000000703100000, 0x0000000703000000| Untracked 
|  13|0x0000000703100000, 0x0000000703200000, 0x0000000703200000|100%| O|  |TAMS 0x0000000703200000, 0x0000000703100000| Untracked 
|  14|0x0000000703200000, 0x0000000703300000, 0x0000000703300000|100%| O|  |TAMS 0x0000000703300000, 0x0000000703200000| Untracked 
|  15|0x0000000703300000, 0x0000000703400000, 0x0000000703400000|100%| O|  |TAMS 0x0000000703400000, 0x0000000703300000| Untracked 
|  16|0x0000000703400000, 0x0000000703500000, 0x0000000703500000|100%| O|  |TAMS 0x0000000703500000, 0x0000000703400000| Untracked 
|  17|0x0000000703500000, 0x0000000703600000, 0x0000000703600000|100%| O|  |TAMS 0x0000000703600000, 0x0000000703500000| Untracked 
|  18|0x0000000703600000, 0x0000000703700000, 0x0000000703700000|100%| O|  |TAMS 0x0000000703700000, 0x0000000703600000| Untracked 
|  19|0x0000000703700000, 0x0000000703800000, 0x0000000703800000|100%| O|  |TAMS 0x0000000703800000, 0x0000000703700000| Untracked 
|  20|0x0000000703800000, 0x0000000703900000, 0x0000000703900000|100%| O|  |TAMS 0x0000000703900000, 0x0000000703800000| Untracked 
|  21|0x0000000703900000, 0x0000000703a00000, 0x0000000703a00000|100%| O|  |TAMS 0x00000007039cde00, 0x0000000703900000| Untracked 
|  22|0x0000000703a00000, 0x0000000703b00000, 0x0000000703b00000|100%| O|  |TAMS 0x0000000703a00000, 0x0000000703a00000| Untracked 
|  23|0x0000000703b00000, 0x0000000703c00000, 0x0000000703c00000|100%| O|  |TAMS 0x0000000703b00000, 0x0000000703b00000| Untracked 
|  24|0x0000000703c00000, 0x0000000703d00000, 0x0000000703d00000|100%| O|  |TAMS 0x0000000703c00000, 0x0000000703c00000| Untracked 
|  25|0x0000000703d00000, 0x0000000703e00000, 0x0000000703e00000|100%| O|  |TAMS 0x0000000703d00000, 0x0000000703d00000| Untracked 
|  26|0x0000000703e00000, 0x0000000703f00000, 0x0000000703f00000|100%| O|  |TAMS 0x0000000703e00000, 0x0000000703e00000| Untracked 
|  27|0x0000000703f00000, 0x0000000704000000, 0x0000000704000000|100%| O|  |TAMS 0x0000000703f00000, 0x0000000703f00000| Untracked 
|  28|0x0000000704000000, 0x0000000704100000, 0x0000000704100000|100%| O|  |TAMS 0x0000000704000000, 0x0000000704000000| Untracked 
|  29|0x0000000704100000, 0x0000000704200000, 0x0000000704200000|100%| O|  |TAMS 0x0000000704100000, 0x0000000704100000| Untracked 
|  30|0x0000000704200000, 0x0000000704300000, 0x0000000704300000|100%| O|  |TAMS 0x0000000704200000, 0x0000000704200000| Untracked 
|  31|0x0000000704300000, 0x0000000704400000, 0x0000000704400000|100%| O|  |TAMS 0x0000000704300000, 0x0000000704300000| Untracked 
|  32|0x0000000704400000, 0x0000000704500000, 0x0000000704500000|100%| O|  |TAMS 0x0000000704400000, 0x0000000704400000| Untracked 
|  33|0x0000000704500000, 0x0000000704600000, 0x0000000704600000|100%| O|  |TAMS 0x0000000704500000, 0x0000000704500000| Untracked 
|  34|0x0000000704600000, 0x0000000704700000, 0x0000000704700000|100%| O|  |TAMS 0x0000000704600000, 0x0000000704600000| Untracked 
|  35|0x0000000704700000, 0x0000000704800000, 0x0000000704800000|100%| O|  |TAMS 0x0000000704700000, 0x0000000704700000| Untracked 
|  36|0x0000000704800000, 0x0000000704900000, 0x0000000704900000|100%| O|  |TAMS 0x0000000704800000, 0x0000000704800000| Untracked 
|  37|0x0000000704900000, 0x0000000704a00000, 0x0000000704a00000|100%| O|  |TAMS 0x0000000704900000, 0x0000000704900000| Untracked 
|  38|0x0000000704a00000, 0x0000000704b00000, 0x0000000704b00000|100%| O|  |TAMS 0x0000000704a00000, 0x0000000704a00000| Untracked 
|  39|0x0000000704b00000, 0x0000000704c00000, 0x0000000704c00000|100%| O|  |TAMS 0x0000000704b00000, 0x0000000704b00000| Untracked 
|  40|0x0000000704c00000, 0x0000000704d00000, 0x0000000704d00000|100%| O|  |TAMS 0x0000000704c00000, 0x0000000704c00000| Untracked 
|  41|0x0000000704d00000, 0x0000000704d2ce00, 0x0000000704e00000| 17%| O|  |TAMS 0x0000000704d00000, 0x0000000704d00000| Untracked 
|  42|0x0000000704e00000, 0x0000000704e00000, 0x0000000704f00000|  0%| F|  |TAMS 0x0000000704e00000, 0x0000000704e00000| Untracked 
|  43|0x0000000704f00000, 0x0000000704f00000, 0x0000000705000000|  0%| F|  |TAMS 0x0000000704f00000, 0x0000000704f00000| Untracked 
|  44|0x0000000705000000, 0x0000000705000000, 0x0000000705100000|  0%| F|  |TAMS 0x0000000705000000, 0x0000000705000000| Untracked 
|  45|0x0000000705100000, 0x0000000705100000, 0x0000000705200000|  0%| F|  |TAMS 0x0000000705100000, 0x0000000705100000| Untracked 
|  46|0x0000000705200000, 0x0000000705200000, 0x0000000705300000|  0%| F|  |TAMS 0x0000000705200000, 0x0000000705200000| Untracked 
|  47|0x0000000705300000, 0x0000000705300000, 0x0000000705400000|  0%| F|  |TAMS 0x0000000705300000, 0x0000000705300000| Untracked 
|  48|0x0000000705400000, 0x0000000705400000, 0x0000000705500000|  0%| F|  |TAMS 0x0000000705400000, 0x0000000705400000| Untracked 
|  49|0x0000000705500000, 0x0000000705500000, 0x0000000705600000|  0%| F|  |TAMS 0x0000000705500000, 0x0000000705500000| Untracked 
|  50|0x0000000705600000, 0x0000000705600000, 0x0000000705700000|  0%| F|  |TAMS 0x0000000705600000, 0x0000000705600000| Untracked 
|  51|0x0000000705700000, 0x0000000705700000, 0x0000000705800000|  0%| F|  |TAMS 0x0000000705700000, 0x0000000705700000| Untracked 
|  52|0x0000000705800000, 0x0000000705800000, 0x0000000705900000|  0%| F|  |TAMS 0x0000000705800000, 0x0000000705800000| Untracked 
|  53|0x0000000705900000, 0x0000000705900000, 0x0000000705a00000|  0%| F|  |TAMS 0x0000000705900000, 0x0000000705900000| Untracked 
|  54|0x0000000705a00000, 0x0000000705a00000, 0x0000000705b00000|  0%| F|  |TAMS 0x0000000705a00000, 0x0000000705a00000| Untracked 
|  55|0x0000000705b00000, 0x0000000705b00000, 0x0000000705c00000|  0%| F|  |TAMS 0x0000000705b00000, 0x0000000705b00000| Untracked 
|  56|0x0000000705c00000, 0x0000000705c00000, 0x0000000705d00000|  0%| F|  |TAMS 0x0000000705c00000, 0x0000000705c00000| Untracked 
|  57|0x0000000705d00000, 0x0000000705d00000, 0x0000000705e00000|  0%| F|  |TAMS 0x0000000705d00000, 0x0000000705d00000| Untracked 
|  58|0x0000000705e00000, 0x0000000705e00000, 0x0000000705f00000|  0%| F|  |TAMS 0x0000000705e00000, 0x0000000705e00000| Untracked 
|  59|0x0000000705f00000, 0x0000000705f00000, 0x0000000706000000|  0%| F|  |TAMS 0x0000000705f00000, 0x0000000705f00000| Untracked 
|  60|0x0000000706000000, 0x0000000706000000, 0x0000000706100000|  0%| F|  |TAMS 0x0000000706000000, 0x0000000706000000| Untracked 
|  61|0x0000000706100000, 0x0000000706100000, 0x0000000706200000|  0%| F|  |TAMS 0x0000000706100000, 0x0000000706100000| Untracked 
|  62|0x0000000706200000, 0x0000000706200000, 0x0000000706300000|  0%| F|  |TAMS 0x0000000706200000, 0x0000000706200000| Untracked 
|  63|0x0000000706300000, 0x0000000706300000, 0x0000000706400000|  0%| F|  |TAMS 0x0000000706300000, 0x0000000706300000| Untracked 
|  64|0x0000000706400000, 0x0000000706400000, 0x0000000706500000|  0%| F|  |TAMS 0x0000000706400000, 0x0000000706400000| Untracked 
|  65|0x0000000706500000, 0x0000000706500000, 0x0000000706600000|  0%| F|  |TAMS 0x0000000706500000, 0x0000000706500000| Untracked 
|  66|0x0000000706600000, 0x0000000706600000, 0x0000000706700000|  0%| F|  |TAMS 0x0000000706600000, 0x0000000706600000| Untracked 
|  67|0x0000000706700000, 0x0000000706700000, 0x0000000706800000|  0%| F|  |TAMS 0x0000000706700000, 0x0000000706700000| Untracked 
|  68|0x0000000706800000, 0x0000000706800000, 0x0000000706900000|  0%| F|  |TAMS 0x0000000706800000, 0x0000000706800000| Untracked 
|  69|0x0000000706900000, 0x0000000706900000, 0x0000000706a00000|  0%| F|  |TAMS 0x0000000706900000, 0x0000000706900000| Untracked 
|  70|0x0000000706a00000, 0x0000000706a00000, 0x0000000706b00000|  0%| F|  |TAMS 0x0000000706a00000, 0x0000000706a00000| Untracked 
|  71|0x0000000706b00000, 0x0000000706b00000, 0x0000000706c00000|  0%| F|  |TAMS 0x0000000706b00000, 0x0000000706b00000| Untracked 
|  72|0x0000000706c00000, 0x0000000706c00000, 0x0000000706d00000|  0%| F|  |TAMS 0x0000000706c00000, 0x0000000706c00000| Untracked 
|  73|0x0000000706d00000, 0x0000000706d00000, 0x0000000706e00000|  0%| F|  |TAMS 0x0000000706d00000, 0x0000000706d00000| Untracked 
|  74|0x0000000706e00000, 0x0000000706e00000, 0x0000000706f00000|  0%| F|  |TAMS 0x0000000706e00000, 0x0000000706e00000| Untracked 
|  75|0x0000000706f00000, 0x0000000706f00000, 0x0000000707000000|  0%| F|  |TAMS 0x0000000706f00000, 0x0000000706f00000| Untracked 
|  76|0x0000000707000000, 0x0000000707000000, 0x0000000707100000|  0%| F|  |TAMS 0x0000000707000000, 0x0000000707000000| Untracked 
|  77|0x0000000707100000, 0x0000000707100000, 0x0000000707200000|  0%| F|  |TAMS 0x0000000707100000, 0x0000000707100000| Untracked 
|  78|0x0000000707200000, 0x0000000707200000, 0x0000000707300000|  0%| F|  |TAMS 0x0000000707200000, 0x0000000707200000| Untracked 
|  79|0x0000000707300000, 0x0000000707300000, 0x0000000707400000|  0%| F|  |TAMS 0x0000000707300000, 0x0000000707300000| Untracked 
|  80|0x0000000707400000, 0x0000000707400000, 0x0000000707500000|  0%| F|  |TAMS 0x0000000707400000, 0x0000000707400000| Untracked 
|  81|0x0000000707500000, 0x0000000707500000, 0x0000000707600000|  0%| F|  |TAMS 0x0000000707500000, 0x0000000707500000| Untracked 
|  82|0x0000000707600000, 0x0000000707600000, 0x0000000707700000|  0%| F|  |TAMS 0x0000000707600000, 0x0000000707600000| Untracked 
|  83|0x0000000707700000, 0x0000000707700000, 0x0000000707800000|  0%| F|  |TAMS 0x0000000707700000, 0x0000000707700000| Untracked 
|  84|0x0000000707800000, 0x0000000707800000, 0x0000000707900000|  0%| F|  |TAMS 0x0000000707800000, 0x0000000707800000| Untracked 
|  85|0x0000000707900000, 0x0000000707900000, 0x0000000707a00000|  0%| F|  |TAMS 0x0000000707900000, 0x0000000707900000| Untracked 
|  86|0x0000000707a00000, 0x0000000707a00000, 0x0000000707b00000|  0%| F|  |TAMS 0x0000000707a00000, 0x0000000707a00000| Untracked 
|  87|0x0000000707b00000, 0x0000000707b00000, 0x0000000707c00000|  0%| F|  |TAMS 0x0000000707b00000, 0x0000000707b00000| Untracked 
|  88|0x0000000707c00000, 0x0000000707c00000, 0x0000000707d00000|  0%| F|  |TAMS 0x0000000707c00000, 0x0000000707c00000| Untracked 
|  89|0x0000000707d00000, 0x0000000707d00000, 0x0000000707e00000|  0%| F|  |TAMS 0x0000000707d00000, 0x0000000707d00000| Untracked 
|  90|0x0000000707e00000, 0x0000000707e00000, 0x0000000707f00000|  0%| F|  |TAMS 0x0000000707e00000, 0x0000000707e00000| Untracked 
|  91|0x0000000707f00000, 0x0000000707f00000, 0x0000000708000000|  0%| F|  |TAMS 0x0000000707f00000, 0x0000000707f00000| Untracked 
|  92|0x0000000708000000, 0x0000000708000000, 0x0000000708100000|  0%| F|  |TAMS 0x0000000708000000, 0x0000000708000000| Untracked 
|  93|0x0000000708100000, 0x0000000708100000, 0x0000000708200000|  0%| F|  |TAMS 0x0000000708100000, 0x0000000708100000| Untracked 
|  94|0x0000000708200000, 0x0000000708200000, 0x0000000708300000|  0%| F|  |TAMS 0x0000000708200000, 0x0000000708200000| Untracked 
|  95|0x0000000708300000, 0x0000000708300000, 0x0000000708400000|  0%| F|  |TAMS 0x0000000708300000, 0x0000000708300000| Untracked 
|  96|0x0000000708400000, 0x0000000708400000, 0x0000000708500000|  0%| F|  |TAMS 0x0000000708400000, 0x0000000708400000| Untracked 
|  97|0x0000000708500000, 0x0000000708500000, 0x0000000708600000|  0%| F|  |TAMS 0x0000000708500000, 0x0000000708500000| Untracked 
|  98|0x0000000708600000, 0x0000000708600000, 0x0000000708700000|  0%| F|  |TAMS 0x0000000708600000, 0x0000000708600000| Untracked 
|  99|0x0000000708700000, 0x0000000708700000, 0x0000000708800000|  0%| F|  |TAMS 0x0000000708700000, 0x0000000708700000| Untracked 
| 100|0x0000000708800000, 0x0000000708800000, 0x0000000708900000|  0%| F|  |TAMS 0x0000000708800000, 0x0000000708800000| Untracked 
| 101|0x0000000708900000, 0x0000000708900000, 0x0000000708a00000|  0%| F|  |TAMS 0x0000000708900000, 0x0000000708900000| Untracked 
| 102|0x0000000708a00000, 0x0000000708a00000, 0x0000000708b00000|  0%| F|  |TAMS 0x0000000708a00000, 0x0000000708a00000| Untracked 
| 103|0x0000000708b00000, 0x0000000708b00000, 0x0000000708c00000|  0%| F|  |TAMS 0x0000000708b00000, 0x0000000708b00000| Untracked 
| 104|0x0000000708c00000, 0x0000000708c00000, 0x0000000708d00000|  0%| F|  |TAMS 0x0000000708c00000, 0x0000000708c00000| Untracked 
| 105|0x0000000708d00000, 0x0000000708d00000, 0x0000000708e00000|  0%| F|  |TAMS 0x0000000708d00000, 0x0000000708d00000| Untracked 
| 106|0x0000000708e00000, 0x0000000708e00000, 0x0000000708f00000|  0%| F|  |TAMS 0x0000000708e00000, 0x0000000708e00000| Untracked 
| 107|0x0000000708f00000, 0x0000000708f00000, 0x0000000709000000|  0%| F|  |TAMS 0x0000000708f00000, 0x0000000708f00000| Untracked 
| 108|0x0000000709000000, 0x0000000709000000, 0x0000000709100000|  0%| F|  |TAMS 0x0000000709000000, 0x0000000709000000| Untracked 
| 109|0x0000000709100000, 0x0000000709100000, 0x0000000709200000|  0%| F|  |TAMS 0x0000000709100000, 0x0000000709100000| Untracked 
| 110|0x0000000709200000, 0x0000000709200000, 0x0000000709300000|  0%| F|  |TAMS 0x0000000709200000, 0x0000000709200000| Untracked 
| 111|0x0000000709300000, 0x0000000709300000, 0x0000000709400000|  0%| F|  |TAMS 0x0000000709300000, 0x0000000709300000| Untracked 
| 112|0x0000000709400000, 0x0000000709400000, 0x0000000709500000|  0%| F|  |TAMS 0x0000000709400000, 0x0000000709400000| Untracked 
| 113|0x0000000709500000, 0x0000000709500000, 0x0000000709600000|  0%| F|  |TAMS 0x0000000709500000, 0x0000000709500000| Untracked 
| 114|0x0000000709600000, 0x0000000709600000, 0x0000000709700000|  0%| F|  |TAMS 0x0000000709600000, 0x0000000709600000| Untracked 
| 115|0x0000000709700000, 0x0000000709700000, 0x0000000709800000|  0%| F|  |TAMS 0x0000000709700000, 0x0000000709700000| Untracked 
| 116|0x0000000709800000, 0x0000000709800000, 0x0000000709900000|  0%| F|  |TAMS 0x0000000709800000, 0x0000000709800000| Untracked 
| 117|0x0000000709900000, 0x0000000709900000, 0x0000000709a00000|  0%| F|  |TAMS 0x0000000709900000, 0x0000000709900000| Untracked 
| 118|0x0000000709a00000, 0x0000000709a00000, 0x0000000709b00000|  0%| F|  |TAMS 0x0000000709a00000, 0x0000000709a00000| Untracked 
| 119|0x0000000709b00000, 0x0000000709b00000, 0x0000000709c00000|  0%| F|  |TAMS 0x0000000709b00000, 0x0000000709b00000| Untracked 
| 120|0x0000000709c00000, 0x0000000709c00000, 0x0000000709d00000|  0%| F|  |TAMS 0x0000000709c00000, 0x0000000709c00000| Untracked 
| 121|0x0000000709d00000, 0x0000000709d00000, 0x0000000709e00000|  0%| F|  |TAMS 0x0000000709d00000, 0x0000000709d00000| Untracked 
| 122|0x0000000709e00000, 0x0000000709e00000, 0x0000000709f00000|  0%| F|  |TAMS 0x0000000709e00000, 0x0000000709e00000| Untracked 
| 123|0x0000000709f00000, 0x0000000709f00000, 0x000000070a000000|  0%| F|  |TAMS 0x0000000709f00000, 0x0000000709f00000| Untracked 
| 124|0x000000070a000000, 0x000000070a000000, 0x000000070a100000|  0%| F|  |TAMS 0x000000070a000000, 0x000000070a000000| Untracked 
| 125|0x000000070a100000, 0x000000070a100000, 0x000000070a200000|  0%| F|  |TAMS 0x000000070a100000, 0x000000070a100000| Untracked 
| 126|0x000000070a200000, 0x000000070a200000, 0x000000070a300000|  0%| F|  |TAMS 0x000000070a200000, 0x000000070a200000| Untracked 
| 127|0x000000070a300000, 0x000000070a300000, 0x000000070a400000|  0%| F|  |TAMS 0x000000070a300000, 0x000000070a300000| Untracked 
| 128|0x000000070a400000, 0x000000070a400000, 0x000000070a500000|  0%| F|  |TAMS 0x000000070a400000, 0x000000070a400000| Untracked 
| 129|0x000000070a500000, 0x000000070a500000, 0x000000070a600000|  0%| F|  |TAMS 0x000000070a500000, 0x000000070a500000| Untracked 
| 130|0x000000070a600000, 0x000000070a600000, 0x000000070a700000|  0%| F|  |TAMS 0x000000070a600000, 0x000000070a600000| Untracked 
| 131|0x000000070a700000, 0x000000070a700000, 0x000000070a800000|  0%| F|  |TAMS 0x000000070a700000, 0x000000070a700000| Untracked 
| 132|0x000000070a800000, 0x000000070a800000, 0x000000070a900000|  0%| F|  |TAMS 0x000000070a800000, 0x000000070a800000| Untracked 
| 133|0x000000070a900000, 0x000000070a900000, 0x000000070aa00000|  0%| F|  |TAMS 0x000000070a900000, 0x000000070a900000| Untracked 
| 134|0x000000070aa00000, 0x000000070aa00000, 0x000000070ab00000|  0%| F|  |TAMS 0x000000070aa00000, 0x000000070aa00000| Untracked 
| 135|0x000000070ab00000, 0x000000070ab00000, 0x000000070ac00000|  0%| F|  |TAMS 0x000000070ab00000, 0x000000070ab00000| Untracked 
| 136|0x000000070ac00000, 0x000000070ac00000, 0x000000070ad00000|  0%| F|  |TAMS 0x000000070ac00000, 0x000000070ac00000| Untracked 
| 137|0x000000070ad00000, 0x000000070ad00000, 0x000000070ae00000|  0%| F|  |TAMS 0x000000070ad00000, 0x000000070ad00000| Untracked 
| 138|0x000000070ae00000, 0x000000070ae00000, 0x000000070af00000|  0%| F|  |TAMS 0x000000070ae00000, 0x000000070ae00000| Untracked 
| 139|0x000000070af00000, 0x000000070af00000, 0x000000070b000000|  0%| F|  |TAMS 0x000000070af00000, 0x000000070af00000| Untracked 
| 140|0x000000070b000000, 0x000000070b000000, 0x000000070b100000|  0%| F|  |TAMS 0x000000070b000000, 0x000000070b000000| Untracked 
| 141|0x000000070b100000, 0x000000070b100000, 0x000000070b200000|  0%| F|  |TAMS 0x000000070b100000, 0x000000070b100000| Untracked 
| 142|0x000000070b200000, 0x000000070b200000, 0x000000070b300000|  0%| F|  |TAMS 0x000000070b200000, 0x000000070b200000| Untracked 
| 143|0x000000070b300000, 0x000000070b300000, 0x000000070b400000|  0%| F|  |TAMS 0x000000070b300000, 0x000000070b300000| Untracked 
| 144|0x000000070b400000, 0x000000070b400000, 0x000000070b500000|  0%| F|  |TAMS 0x000000070b400000, 0x000000070b400000| Untracked 
| 145|0x000000070b500000, 0x000000070b500000, 0x000000070b600000|  0%| F|  |TAMS 0x000000070b500000, 0x000000070b500000| Untracked 
| 146|0x000000070b600000, 0x000000070b600000, 0x000000070b700000|  0%| F|  |TAMS 0x000000070b600000, 0x000000070b600000| Untracked 
| 147|0x000000070b700000, 0x000000070b700000, 0x000000070b800000|  0%| F|  |TAMS 0x000000070b700000, 0x000000070b700000| Untracked 
| 148|0x000000070b800000, 0x000000070b800000, 0x000000070b900000|  0%| F|  |TAMS 0x000000070b800000, 0x000000070b800000| Untracked 
| 149|0x000000070b900000, 0x000000070b900000, 0x000000070ba00000|  0%| F|  |TAMS 0x000000070b900000, 0x000000070b900000| Untracked 
| 150|0x000000070ba00000, 0x000000070ba00000, 0x000000070bb00000|  0%| F|  |TAMS 0x000000070ba00000, 0x000000070ba00000| Untracked 
| 151|0x000000070bb00000, 0x000000070bb00000, 0x000000070bc00000|  0%| F|  |TAMS 0x000000070bb00000, 0x000000070bb00000| Untracked 
| 152|0x000000070bc00000, 0x000000070bc00000, 0x000000070bd00000|  0%| F|  |TAMS 0x000000070bc00000, 0x000000070bc00000| Untracked 
| 153|0x000000070bd00000, 0x000000070bd00000, 0x000000070be00000|  0%| F|  |TAMS 0x000000070bd00000, 0x000000070bd00000| Untracked 
| 154|0x000000070be00000, 0x000000070be00000, 0x000000070bf00000|  0%| F|  |TAMS 0x000000070be00000, 0x000000070be00000| Untracked 
| 155|0x000000070bf00000, 0x000000070bf00000, 0x000000070c000000|  0%| F|  |TAMS 0x000000070bf00000, 0x000000070bf00000| Untracked 
| 156|0x000000070c000000, 0x000000070c000000, 0x000000070c100000|  0%| F|  |TAMS 0x000000070c000000, 0x000000070c000000| Untracked 
| 157|0x000000070c100000, 0x000000070c100000, 0x000000070c200000|  0%| F|  |TAMS 0x000000070c100000, 0x000000070c100000| Untracked 
| 158|0x000000070c200000, 0x000000070c200000, 0x000000070c300000|  0%| F|  |TAMS 0x000000070c200000, 0x000000070c200000| Untracked 
| 159|0x000000070c300000, 0x000000070c300000, 0x000000070c400000|  0%| F|  |TAMS 0x000000070c300000, 0x000000070c300000| Untracked 
| 160|0x000000070c400000, 0x000000070c400000, 0x000000070c500000|  0%| F|  |TAMS 0x000000070c400000, 0x000000070c400000| Untracked 
| 161|0x000000070c500000, 0x000000070c500000, 0x000000070c600000|  0%| F|  |TAMS 0x000000070c500000, 0x000000070c500000| Untracked 
| 162|0x000000070c600000, 0x000000070c600000, 0x000000070c700000|  0%| F|  |TAMS 0x000000070c600000, 0x000000070c600000| Untracked 
| 163|0x000000070c700000, 0x000000070c700000, 0x000000070c800000|  0%| F|  |TAMS 0x000000070c700000, 0x000000070c700000| Untracked 
| 164|0x000000070c800000, 0x000000070c800000, 0x000000070c900000|  0%| F|  |TAMS 0x000000070c800000, 0x000000070c800000| Untracked 
| 165|0x000000070c900000, 0x000000070c900000, 0x000000070ca00000|  0%| F|  |TAMS 0x000000070c900000, 0x000000070c900000| Untracked 
| 166|0x000000070ca00000, 0x000000070ca00000, 0x000000070cb00000|  0%| F|  |TAMS 0x000000070ca00000, 0x000000070ca00000| Untracked 
| 167|0x000000070cb00000, 0x000000070cb00000, 0x000000070cc00000|  0%| F|  |TAMS 0x000000070cb00000, 0x000000070cb00000| Untracked 
| 168|0x000000070cc00000, 0x000000070cc00000, 0x000000070cd00000|  0%| F|  |TAMS 0x000000070cc00000, 0x000000070cc00000| Untracked 
| 169|0x000000070cd00000, 0x000000070cd00000, 0x000000070ce00000|  0%| F|  |TAMS 0x000000070cd00000, 0x000000070cd00000| Untracked 
| 170|0x000000070ce00000, 0x000000070ce00000, 0x000000070cf00000|  0%| F|  |TAMS 0x000000070ce00000, 0x000000070ce00000| Untracked 
| 171|0x000000070cf00000, 0x000000070cf00000, 0x000000070d000000|  0%| F|  |TAMS 0x000000070cf00000, 0x000000070cf00000| Untracked 
| 172|0x000000070d000000, 0x000000070d000000, 0x000000070d100000|  0%| F|  |TAMS 0x000000070d000000, 0x000000070d000000| Untracked 
| 173|0x000000070d100000, 0x000000070d100000, 0x000000070d200000|  0%| F|  |TAMS 0x000000070d100000, 0x000000070d100000| Untracked 
| 174|0x000000070d200000, 0x000000070d200000, 0x000000070d300000|  0%| F|  |TAMS 0x000000070d200000, 0x000000070d200000| Untracked 
| 175|0x000000070d300000, 0x000000070d300000, 0x000000070d400000|  0%| F|  |TAMS 0x000000070d300000, 0x000000070d300000| Untracked 
| 176|0x000000070d400000, 0x000000070d400000, 0x000000070d500000|  0%| F|  |TAMS 0x000000070d400000, 0x000000070d400000| Untracked 
| 177|0x000000070d500000, 0x000000070d500000, 0x000000070d600000|  0%| F|  |TAMS 0x000000070d500000, 0x000000070d500000| Untracked 
| 178|0x000000070d600000, 0x000000070d600000, 0x000000070d700000|  0%| F|  |TAMS 0x000000070d600000, 0x000000070d600000| Untracked 
| 179|0x000000070d700000, 0x000000070d700000, 0x000000070d800000|  0%| F|  |TAMS 0x000000070d700000, 0x000000070d700000| Untracked 
| 180|0x000000070d800000, 0x000000070d800000, 0x000000070d900000|  0%| F|  |TAMS 0x000000070d800000, 0x000000070d800000| Untracked 
| 181|0x000000070d900000, 0x000000070d900000, 0x000000070da00000|  0%| F|  |TAMS 0x000000070d900000, 0x000000070d900000| Untracked 
| 182|0x000000070da00000, 0x000000070da00000, 0x000000070db00000|  0%| F|  |TAMS 0x000000070da00000, 0x000000070da00000| Untracked 
| 183|0x000000070db00000, 0x000000070db00000, 0x000000070dc00000|  0%| F|  |TAMS 0x000000070db00000, 0x000000070db00000| Untracked 
| 184|0x000000070dc00000, 0x000000070dc00000, 0x000000070dd00000|  0%| F|  |TAMS 0x000000070dc00000, 0x000000070dc00000| Untracked 
| 185|0x000000070dd00000, 0x000000070dd00000, 0x000000070de00000|  0%| F|  |TAMS 0x000000070dd00000, 0x000000070dd00000| Untracked 
| 186|0x000000070de00000, 0x000000070de00000, 0x000000070df00000|  0%| F|  |TAMS 0x000000070de00000, 0x000000070de00000| Untracked 
| 187|0x000000070df00000, 0x000000070df00000, 0x000000070e000000|  0%| F|  |TAMS 0x000000070df00000, 0x000000070df00000| Untracked 
| 188|0x000000070e000000, 0x000000070e000000, 0x000000070e100000|  0%| F|  |TAMS 0x000000070e000000, 0x000000070e000000| Untracked 
| 189|0x000000070e100000, 0x000000070e100000, 0x000000070e200000|  0%| F|  |TAMS 0x000000070e100000, 0x000000070e100000| Untracked 
| 190|0x000000070e200000, 0x000000070e200000, 0x000000070e300000|  0%| F|  |TAMS 0x000000070e200000, 0x000000070e200000| Untracked 
| 191|0x000000070e300000, 0x000000070e300000, 0x000000070e400000|  0%| F|  |TAMS 0x000000070e300000, 0x000000070e300000| Untracked 
| 192|0x000000070e400000, 0x000000070e400000, 0x000000070e500000|  0%| F|  |TAMS 0x000000070e400000, 0x000000070e400000| Untracked 
| 193|0x000000070e500000, 0x000000070e500000, 0x000000070e600000|  0%| F|  |TAMS 0x000000070e500000, 0x000000070e500000| Untracked 
| 194|0x000000070e600000, 0x000000070e600000, 0x000000070e700000|  0%| F|  |TAMS 0x000000070e600000, 0x000000070e600000| Untracked 
| 195|0x000000070e700000, 0x000000070e700000, 0x000000070e800000|  0%| F|  |TAMS 0x000000070e700000, 0x000000070e700000| Untracked 
| 196|0x000000070e800000, 0x000000070e800000, 0x000000070e900000|  0%| F|  |TAMS 0x000000070e800000, 0x000000070e800000| Untracked 
| 197|0x000000070e900000, 0x000000070e900000, 0x000000070ea00000|  0%| F|  |TAMS 0x000000070e900000, 0x000000070e900000| Untracked 
| 198|0x000000070ea00000, 0x000000070ea00000, 0x000000070eb00000|  0%| F|  |TAMS 0x000000070ea00000, 0x000000070ea00000| Untracked 
| 199|0x000000070eb00000, 0x000000070eb00000, 0x000000070ec00000|  0%| F|  |TAMS 0x000000070eb00000, 0x000000070eb00000| Untracked 
| 200|0x000000070ec00000, 0x000000070ec00000, 0x000000070ed00000|  0%| F|  |TAMS 0x000000070ec00000, 0x000000070ec00000| Untracked 
| 201|0x000000070ed00000, 0x000000070ed00000, 0x000000070ee00000|  0%| F|  |TAMS 0x000000070ed00000, 0x000000070ed00000| Untracked 
| 202|0x000000070ee00000, 0x000000070ee00000, 0x000000070ef00000|  0%| F|  |TAMS 0x000000070ee00000, 0x000000070ee00000| Untracked 
| 203|0x000000070ef00000, 0x000000070ef00000, 0x000000070f000000|  0%| F|  |TAMS 0x000000070ef00000, 0x000000070ef00000| Untracked 
| 204|0x000000070f000000, 0x000000070f000000, 0x000000070f100000|  0%| F|  |TAMS 0x000000070f000000, 0x000000070f000000| Untracked 
| 205|0x000000070f100000, 0x000000070f100000, 0x000000070f200000|  0%| F|  |TAMS 0x000000070f100000, 0x000000070f100000| Untracked 
| 206|0x000000070f200000, 0x000000070f200000, 0x000000070f300000|  0%| F|  |TAMS 0x000000070f200000, 0x000000070f200000| Untracked 
| 207|0x000000070f300000, 0x000000070f300000, 0x000000070f400000|  0%| F|  |TAMS 0x000000070f300000, 0x000000070f300000| Untracked 
| 208|0x000000070f400000, 0x000000070f400000, 0x000000070f500000|  0%| F|  |TAMS 0x000000070f400000, 0x000000070f400000| Untracked 
| 209|0x000000070f500000, 0x000000070f500000, 0x000000070f600000|  0%| F|  |TAMS 0x000000070f500000, 0x000000070f500000| Untracked 
| 210|0x000000070f600000, 0x000000070f600000, 0x000000070f700000|  0%| F|  |TAMS 0x000000070f600000, 0x000000070f600000| Untracked 
| 211|0x000000070f700000, 0x000000070f700000, 0x000000070f800000|  0%| F|  |TAMS 0x000000070f700000, 0x000000070f700000| Untracked 
| 212|0x000000070f800000, 0x000000070f800000, 0x000000070f900000|  0%| F|  |TAMS 0x000000070f800000, 0x000000070f800000| Untracked 
| 213|0x000000070f900000, 0x000000070f900000, 0x000000070fa00000|  0%| F|  |TAMS 0x000000070f900000, 0x000000070f900000| Untracked 
| 214|0x000000070fa00000, 0x000000070fa00000, 0x000000070fb00000|  0%| F|  |TAMS 0x000000070fa00000, 0x000000070fa00000| Untracked 
| 215|0x000000070fb00000, 0x000000070fb00000, 0x000000070fc00000|  0%| F|  |TAMS 0x000000070fb00000, 0x000000070fb00000| Untracked 
| 216|0x000000070fc00000, 0x000000070fc00000, 0x000000070fd00000|  0%| F|  |TAMS 0x000000070fc00000, 0x000000070fc00000| Untracked 
| 217|0x000000070fd00000, 0x000000070fd00000, 0x000000070fe00000|  0%| F|  |TAMS 0x000000070fd00000, 0x000000070fd00000| Untracked 
| 218|0x000000070fe00000, 0x000000070fe00000, 0x000000070ff00000|  0%| F|  |TAMS 0x000000070fe00000, 0x000000070fe00000| Untracked 
| 219|0x000000070ff00000, 0x000000070ff00000, 0x0000000710000000|  0%| F|  |TAMS 0x000000070ff00000, 0x000000070ff00000| Untracked 
| 220|0x0000000710000000, 0x0000000710000000, 0x0000000710100000|  0%| F|  |TAMS 0x0000000710000000, 0x0000000710000000| Untracked 
| 221|0x0000000710100000, 0x0000000710100000, 0x0000000710200000|  0%| F|  |TAMS 0x0000000710100000, 0x0000000710100000| Untracked 
| 222|0x0000000710200000, 0x0000000710200000, 0x0000000710300000|  0%| F|  |TAMS 0x0000000710200000, 0x0000000710200000| Untracked 
| 223|0x0000000710300000, 0x0000000710300000, 0x0000000710400000|  0%| F|  |TAMS 0x0000000710300000, 0x0000000710300000| Untracked 
| 224|0x0000000710400000, 0x0000000710400000, 0x0000000710500000|  0%| F|  |TAMS 0x0000000710400000, 0x0000000710400000| Untracked 
| 225|0x0000000710500000, 0x0000000710500000, 0x0000000710600000|  0%| F|  |TAMS 0x0000000710500000, 0x0000000710500000| Untracked 
| 226|0x0000000710600000, 0x0000000710600000, 0x0000000710700000|  0%| F|  |TAMS 0x0000000710600000, 0x0000000710600000| Untracked 
| 227|0x0000000710700000, 0x0000000710700000, 0x0000000710800000|  0%| F|  |TAMS 0x0000000710700000, 0x0000000710700000| Untracked 
| 228|0x0000000710800000, 0x0000000710800000, 0x0000000710900000|  0%| F|  |TAMS 0x0000000710800000, 0x0000000710800000| Untracked 
| 229|0x0000000710900000, 0x0000000710900000, 0x0000000710a00000|  0%| F|  |TAMS 0x0000000710900000, 0x0000000710900000| Untracked 
| 230|0x0000000710a00000, 0x0000000710a00000, 0x0000000710b00000|  0%| F|  |TAMS 0x0000000710a00000, 0x0000000710a00000| Untracked 
| 231|0x0000000710b00000, 0x0000000710b00000, 0x0000000710c00000|  0%| F|  |TAMS 0x0000000710b00000, 0x0000000710b00000| Untracked 
| 232|0x0000000710c00000, 0x0000000710c00000, 0x0000000710d00000|  0%| F|  |TAMS 0x0000000710c00000, 0x0000000710c00000| Untracked 
| 233|0x0000000710d00000, 0x0000000710d00000, 0x0000000710e00000|  0%| F|  |TAMS 0x0000000710d00000, 0x0000000710d00000| Untracked 
| 234|0x0000000710e00000, 0x0000000710e00000, 0x0000000710f00000|  0%| F|  |TAMS 0x0000000710e00000, 0x0000000710e00000| Untracked 
| 235|0x0000000710f00000, 0x0000000710f00000, 0x0000000711000000|  0%| F|  |TAMS 0x0000000710f00000, 0x0000000710f00000| Untracked 
| 236|0x0000000711000000, 0x0000000711000000, 0x0000000711100000|  0%| F|  |TAMS 0x0000000711000000, 0x0000000711000000| Untracked 
| 237|0x0000000711100000, 0x0000000711100000, 0x0000000711200000|  0%| F|  |TAMS 0x0000000711100000, 0x0000000711100000| Untracked 
| 238|0x0000000711200000, 0x0000000711200000, 0x0000000711300000|  0%| F|  |TAMS 0x0000000711200000, 0x0000000711200000| Untracked 
| 239|0x0000000711300000, 0x0000000711300000, 0x0000000711400000|  0%| F|  |TAMS 0x0000000711300000, 0x0000000711300000| Untracked 
| 240|0x0000000711400000, 0x0000000711400000, 0x0000000711500000|  0%| F|  |TAMS 0x0000000711400000, 0x0000000711400000| Untracked 
| 241|0x0000000711500000, 0x0000000711500000, 0x0000000711600000|  0%| F|  |TAMS 0x0000000711500000, 0x0000000711500000| Untracked 
| 242|0x0000000711600000, 0x0000000711600000, 0x0000000711700000|  0%| F|  |TAMS 0x0000000711600000, 0x0000000711600000| Untracked 
| 243|0x0000000711700000, 0x0000000711700000, 0x0000000711800000|  0%| F|  |TAMS 0x0000000711700000, 0x0000000711700000| Untracked 
| 244|0x0000000711800000, 0x0000000711800000, 0x0000000711900000|  0%| F|  |TAMS 0x0000000711800000, 0x0000000711800000| Untracked 
| 245|0x0000000711900000, 0x0000000711900000, 0x0000000711a00000|  0%| F|  |TAMS 0x0000000711900000, 0x0000000711900000| Untracked 
| 246|0x0000000711a00000, 0x0000000711a00000, 0x0000000711b00000|  0%| F|  |TAMS 0x0000000711a00000, 0x0000000711a00000| Untracked 
| 247|0x0000000711b00000, 0x0000000711b00000, 0x0000000711c00000|  0%| F|  |TAMS 0x0000000711b00000, 0x0000000711b00000| Untracked 
| 248|0x0000000711c00000, 0x0000000711d00000, 0x0000000711d00000|100%| E|  |TAMS 0x0000000711c00000, 0x0000000711c00000| Complete 
| 249|0x0000000711d00000, 0x0000000711e00000, 0x0000000711e00000|100%| E|CS|TAMS 0x0000000711d00000, 0x0000000711d00000| Complete 
| 250|0x0000000711e00000, 0x0000000711f00000, 0x0000000711f00000|100%| E|CS|TAMS 0x0000000711e00000, 0x0000000711e00000| Complete 
| 251|0x0000000711f00000, 0x0000000712000000, 0x0000000712000000|100%| E|CS|TAMS 0x0000000711f00000, 0x0000000711f00000| Complete 
| 252|0x0000000712000000, 0x0000000712100000, 0x0000000712100000|100%| S|CS|TAMS 0x0000000712000000, 0x0000000712000000| Complete 
| 253|0x0000000712100000, 0x0000000712200000, 0x0000000712200000|100%| E|CS|TAMS 0x0000000712100000, 0x0000000712100000| Complete 

Card table byte_map: [0x0000022848140000,0x0000022848930000] _byte_map_base: 0x000002284492e000

Marking Bits (Prev, Next): (CMBitMap*) 0x0000022830d92818, (CMBitMap*) 0x0000022830d92850
 Prev Bits: [0x0000022849120000, 0x000002284d090000)
 Next Bits: [0x000002284d090000, 0x0000022851000000)

Polling page: 0x000002282ecc0000

Metaspace:

Usage:
  Non-class:     30.21 MB capacity,    29.23 MB ( 97%) used,   829.86 KB (  3%) free+waste,   175.94 KB ( <1%) overhead. 
      Class:      4.78 MB capacity,     4.13 MB ( 86%) used,   579.84 KB ( 12%) free+waste,    89.50 KB (  2%) overhead. 
       Both:     34.99 MB capacity,    33.36 MB ( 95%) used,     1.38 MB (  4%) free+waste,   265.44 KB ( <1%) overhead. 

Virtual space:
  Non-class space:       32.00 MB reserved,      30.38 MB ( 95%) committed 
      Class space:        1.00 GB reserved,       4.88 MB ( <1%) committed 
             Both:        1.03 GB reserved,      35.25 MB (  3%) committed 

Chunk freelists:
   Non-Class:  5.25 KB
       Class:  3.88 KB
        Both:  9.13 KB

CodeHeap 'non-profiled nmethods': size=120000Kb used=3470Kb max_used=3470Kb free=116529Kb
 bounds [0x000002283feb0000, 0x0000022840220000, 0x00000228473e0000]
CodeHeap 'profiled nmethods': size=120000Kb used=13821Kb max_used=13821Kb free=106178Kb
 bounds [0x0000022838980000, 0x0000022839700000, 0x000002283feb0000]
CodeHeap 'non-nmethods': size=5760Kb used=1408Kb max_used=1483Kb free=4351Kb
 bounds [0x00000228383e0000, 0x0000022838650000, 0x0000022838980000]
 total_blobs=7147 nmethods=6292 adapters=765
 compilation: enabled
              stopped_count=0, restarted_count=0
 full_count=0

Compilation events (10 events):
Event: 101.317 Thread 0x000002285467f800 6299       4       java.util.concurrent.atomic.AtomicBoolean::get (13 bytes)
Event: 101.317 Thread 0x000002285467f800 nmethod 6299 0x0000022840210d90 code [0x0000022840210f00, 0x0000022840210f78]
Event: 101.317 Thread 0x000002285467f800 6300       4       com.sun.javafx.sg.prism.NGGroup::markCullRegions (200 bytes)
Event: 101.317 Thread 0x0000022854680000 6301       3       com.sun.prism.d3d.D3DSwapChain::getContentHeight (5 bytes)
Event: 101.318 Thread 0x0000022854680000 nmethod 6301 0x00000228396fe010 code [0x00000228396fe1c0, 0x00000228396fe408]
Event: 101.318 Thread 0x0000022854680000 6302       3       com.sun.prism.d3d.D3DSwapChain::isMSAA (19 bytes)
Event: 101.318 Thread 0x0000022854680000 nmethod 6302 0x00000228396fe510 code [0x00000228396fe700, 0x00000228396fed48]
Event: 101.338 Thread 0x000002285467f800 nmethod 6300 0x0000022840211010 code [0x00000228402113a0, 0x0000022840212920]
Event: 101.567 Thread 0x0000022854680000 6303       3       java.lang.StringBuilder::append (9 bytes)
Event: 101.567 Thread 0x0000022854680000 nmethod 6303 0x00000228396fef90 code [0x00000228396ff160, 0x00000228396ff498]

GC Heap History (10 events):
Event: 1.080 GC heap before
{Heap before GC invocations=0 (full 0):
 garbage-first heap   total 260096K, used 31744K [0x0000000702400000, 0x0000000800000000)
  region size 1024K, 24 young (24576K), 0 survivors (0K)
 Metaspace       used 14258K, capacity 14645K, committed 14720K, reserved 1062912K
  class space    used 1709K, capacity 1898K, committed 1920K, reserved 1048576K
}
Event: 1.085 GC heap after
{Heap after GC invocations=1 (full 0):
 garbage-first heap   total 260096K, used 7206K [0x0000000702400000, 0x0000000800000000)
  region size 1024K, 3 young (3072K), 3 survivors (3072K)
 Metaspace       used 14258K, capacity 14645K, committed 14720K, reserved 1062912K
  class space    used 1709K, capacity 1898K, committed 1920K, reserved 1048576K
}
Event: 2.823 GC heap before
{Heap before GC invocations=1 (full 0):
 garbage-first heap   total 260096K, used 25638K [0x0000000702400000, 0x0000000800000000)
  region size 1024K, 19 young (19456K), 3 survivors (3072K)
 Metaspace       used 20611K, capacity 21137K, committed 21248K, reserved 1067008K
  class space    used 2457K, capacity 2714K, committed 2816K, reserved 1048576K
}
Event: 2.829 GC heap after
{Heap after GC invocations=2 (full 0):
 garbage-first heap   total 260096K, used 13478K [0x0000000702400000, 0x0000000800000000)
  region size 1024K, 7 young (7168K), 7 survivors (7168K)
 Metaspace       used 20611K, capacity 21137K, committed 21248K, reserved 1067008K
  class space    used 2457K, capacity 2714K, committed 2816K, reserved 1048576K
}
Event: 9.007 GC heap before
{Heap before GC invocations=3 (full 0):
 garbage-first heap   total 260096K, used 50342K [0x0000000702400000, 0x0000000800000000)
  region size 1024K, 40 young (40960K), 7 survivors (7168K)
 Metaspace       used 30244K, capacity 31238K, committed 31360K, reserved 1077248K
  class space    used 3772K, capacity 4199K, committed 4224K, reserved 1048576K
}
Event: 9.015 GC heap after
{Heap after GC invocations=4 (full 0):
 garbage-first heap   total 260096K, used 20945K [0x0000000702400000, 0x0000000800000000)
  region size 1024K, 5 young (5120K), 5 survivors (5120K)
 Metaspace       used 30244K, capacity 31238K, committed 31360K, reserved 1077248K
  class space    used 3772K, capacity 4199K, committed 4224K, reserved 1048576K
}
Event: 92.036 GC heap before
{Heap before GC invocations=4 (full 0):
 garbage-first heap   total 260096K, used 116177K [0x0000000702400000, 0x0000000800000000)
  region size 1024K, 99 young (101376K), 5 survivors (5120K)
 Metaspace       used 34130K, capacity 35702K, committed 35840K, reserved 1081344K
  class space    used 4227K, capacity 4897K, committed 4992K, reserved 1048576K
}
Event: 92.050 GC heap after
{Heap after GC invocations=5 (full 0):
 garbage-first heap   total 260096K, used 41783K [0x0000000702400000, 0x0000000800000000)
  region size 1024K, 19 young (19456K), 19 survivors (19456K)
 Metaspace       used 34130K, capacity 35702K, committed 35840K, reserved 1081344K
  class space    used 4227K, capacity 4897K, committed 4992K, reserved 1048576K
}
Event: 92.253 GC heap before
{Heap before GC invocations=6 (full 0):
 garbage-first heap   total 260096K, used 42807K [0x0000000702400000, 0x0000000800000000)
  region size 1024K, 20 young (20480K), 19 survivors (19456K)
 Metaspace       used 34132K, capacity 35766K, committed 36096K, reserved 1081344K
  class space    used 4227K, capacity 4897K, committed 4992K, reserved 1048576K
}
Event: 92.265 GC heap after
{Heap after GC invocations=7 (full 0):
 garbage-first heap   total 260096K, used 43187K [0x0000000702400000, 0x0000000800000000)
  region size 1024K, 1 young (1024K), 1 survivors (1024K)
 Metaspace       used 34132K, capacity 35766K, committed 36096K, reserved 1081344K
  class space    used 4227K, capacity 4897K, committed 4992K, reserved 1048576K
}

Deoptimization events (10 events):
Event: 10.313 Thread 0x0000022854d6e000 Uncommon trap: reason=unstable_if action=reinterpret pc=0x000002283fff383c method=com.sun.prism.impl.BaseGraphics.validateTransformAndPaint()V @ 20 c2
Event: 10.322 Thread 0x0000022854d6e000 Uncommon trap: reason=unstable_if action=reinterpret pc=0x000002284007a2fc method=java.util.WeakHashMap.eq(Ljava/lang/Object;Ljava/lang/Object;)Z @ 2 c2
Event: 10.335 Thread 0x0000022854d6e000 Uncommon trap: reason=unstable_if action=reinterpret pc=0x000002283fff6644 method=com.sun.javafx.geom.transform.AffineBase.updateState2D()V @ 125 c2
Event: 10.339 Thread 0x0000022854f92000 Uncommon trap: reason=unstable_if action=reinterpret pc=0x000002284011b730 method=javafx.scene.Parent.setChildDirty(Ljavafx/scene/Node;Z)V @ 22 c2
Event: 10.340 Thread 0x0000022854f92000 Uncommon trap: reason=unstable_if action=reinterpret pc=0x000002284014a61c method=javafx.scene.Scene.addToDirtyList(Ljavafx/scene/Node;)V @ 43 c2
Event: 10.340 Thread 0x0000022854f92000 Uncommon trap: reason=unstable_if action=reinterpret pc=0x00000228401276ec method=javafx.scene.Scene.addToDirtyList(Ljavafx/scene/Node;)V @ 43 c2
Event: 10.342 Thread 0x0000022854f92000 Uncommon trap: reason=unstable_if action=reinterpret pc=0x000002284001375c method=javafx.scene.Node.updateBounds()V @ 37 c2
Event: 10.351 Thread 0x0000022854d6e000 Uncommon trap: reason=unstable_if action=reinterpret pc=0x0000022840005f38 method=com.sun.prism.impl.BaseContext.flushMask()V @ 4 c2
Event: 11.973 Thread 0x0000022854f92000 Uncommon trap: reason=unstable_if action=reinterpret pc=0x00000228401aca34 method=javafx.scene.CssStyleHelper.transitionToState(Ljavafx/scene/Node;)V @ 646 c2
Event: 76.535 Thread 0x0000022854f92000 Uncommon trap: reason=unstable_if action=reinterpret pc=0x00000228400a76b4 method=java.util.zip.ZipFile$ZipFileInputStream.initDataOffset()J @ 69 c2

Classes redefined (0 events):
No events

Internal exceptions (10 events):
Event: 101.567 Thread 0x0000022854f92000 Exception <a 'java/io/IOException'{0x0000000711cc8f80}> (0x0000000711cc8f80) thrown at [./open/src/hotspot/share/prims/jni.cpp, line 611]
Event: 101.567 Thread 0x0000022854f92000 Exception <a 'java/io/IOException'{0x0000000711cc94e0}> (0x0000000711cc94e0) thrown at [./open/src/hotspot/share/prims/jni.cpp, line 611]
Event: 101.567 Thread 0x0000022854f92000 Exception <a 'java/io/IOException'{0x0000000711cc9820}> (0x0000000711cc9820) thrown at [./open/src/hotspot/share/prims/jni.cpp, line 611]
Event: 101.567 Thread 0x0000022854f92000 Exception <a 'java/io/IOException'{0x0000000711cc9b30}> (0x0000000711cc9b30) thrown at [./open/src/hotspot/share/prims/jni.cpp, line 611]
Event: 101.567 Thread 0x0000022854f92000 Exception <a 'java/io/IOException'{0x0000000711cca228}> (0x0000000711cca228) thrown at [./open/src/hotspot/share/prims/jni.cpp, line 611]
Event: 101.567 Thread 0x0000022854f92000 Exception <a 'java/io/IOException'{0x0000000711cca568}> (0x0000000711cca568) thrown at [./open/src/hotspot/share/prims/jni.cpp, line 611]
Event: 101.567 Thread 0x0000022854f92000 Exception <a 'java/io/IOException'{0x0000000711cca878}> (0x0000000711cca878) thrown at [./open/src/hotspot/share/prims/jni.cpp, line 611]
Event: 101.567 Thread 0x0000022854f92000 Exception <a 'java/io/IOException'{0x0000000711ccaf50}> (0x0000000711ccaf50) thrown at [./open/src/hotspot/share/prims/jni.cpp, line 611]
Event: 101.567 Thread 0x0000022854f92000 Exception <a 'java/io/IOException'{0x0000000711ccb290}> (0x0000000711ccb290) thrown at [./open/src/hotspot/share/prims/jni.cpp, line 611]
Event: 101.567 Thread 0x0000022854f92000 Exception <a 'java/io/IOException'{0x0000000711ccb5a0}> (0x0000000711ccb5a0) thrown at [./open/src/hotspot/share/prims/jni.cpp, line 611]

Events (10 events):
Event: 98.024 Thread 0x000002285518e800 Thread added: 0x000002285518e800
Event: 98.520 Thread 0x000002285518e800 Thread exited: 0x000002285518e800
Event: 100.676 loading class com/sun/glass/ui/win/WinDnDClipboard
Event: 100.676 loading class com/sun/glass/ui/win/WinDnDClipboard done
Event: 100.677 loading class javafx/scene/Scene$DnDGesture
Event: 100.677 loading class javafx/scene/Scene$DnDGesture done
Event: 100.759 loading class com/sun/glass/ui/win/WinDnDClipboard
Event: 100.759 loading class com/sun/glass/ui/win/WinDnDClipboard done
Event: 101.567 loading class com/sun/glass/ui/win/WinDnDClipboard
Event: 101.567 loading class com/sun/glass/ui/win/WinDnDClipboard done


Dynamic libraries:
0x00007ff7225b0000 - 0x00007ff7225bf000 	C:\Program Files\Java\jdk-11.0.15\bin\javaw.exe
0x00007fff64af0000 - 0x00007fff64d09000 	C:\WINDOWS\SYSTEM32\ntdll.dll
0x00007fff63350000 - 0x00007fff63412000 	C:\WINDOWS\System32\KERNEL32.DLL
0x00007fff623a0000 - 0x00007fff6273f000 	C:\WINDOWS\System32\KERNELBASE.dll
0x00007fff61ed0000 - 0x00007fff61fd9000 	C:\WINDOWS\System32\ucrtbase.dll
0x00007fff4c6b0000 - 0x00007fff4c6c5000 	C:\Program Files\Java\jdk-11.0.15\bin\VCRUNTIME140.dll
0x00007fff4c520000 - 0x00007fff4c538000 	C:\Program Files\Java\jdk-11.0.15\bin\jli.dll
0x00007fff63420000 - 0x00007fff634cf000 	C:\WINDOWS\System32\ADVAPI32.dll
0x00007fff628c0000 - 0x00007fff62967000 	C:\WINDOWS\System32\msvcrt.dll
0x00007fff62f00000 - 0x00007fff62faa000 	C:\WINDOWS\System32\sechost.dll
0x00007fff645a0000 - 0x00007fff646c7000 	C:\WINDOWS\System32\RPCRT4.dll
0x00007fff643f0000 - 0x00007fff6459c000 	C:\WINDOWS\System32\USER32.dll
0x00007fff49f80000 - 0x00007fff4a20e000 	C:\WINDOWS\WinSxS\amd64_microsoft.windows.common-controls_6595b64144ccf1df_6.0.25188.1000_none_79003e7f0fe4f35d\COMCTL32.dll
0x00007fff61ea0000 - 0x00007fff61ec6000 	C:\WINDOWS\System32\win32u.dll
0x00007fff648b0000 - 0x00007fff648d9000 	C:\WINDOWS\System32\GDI32.dll
0x00007fff62750000 - 0x00007fff62862000 	C:\WINDOWS\System32\gdi32full.dll
0x00007fff5a080000 - 0x00007fff5a08a000 	C:\WINDOWS\SYSTEM32\VERSION.dll
0x00007fff62190000 - 0x00007fff6222a000 	C:\WINDOWS\System32\msvcp_win.dll
0x00007fff62880000 - 0x00007fff628b1000 	C:\WINDOWS\System32\IMM32.DLL
0x00007fff265c0000 - 0x00007fff2665b000 	C:\Program Files\Java\jdk-11.0.15\bin\msvcp140.dll
0x00007ffef2850000 - 0x00007ffef3366000 	C:\Program Files\Java\jdk-11.0.15\bin\server\jvm.dll
0x00007fff635c0000 - 0x00007fff635c8000 	C:\WINDOWS\System32\PSAPI.DLL
0x00007fff484b0000 - 0x00007fff484b9000 	C:\WINDOWS\SYSTEM32\WSOCK32.dll
0x00007fff4e380000 - 0x00007fff4e3b6000 	C:\WINDOWS\SYSTEM32\WINMM.dll
0x00007fff63e90000 - 0x00007fff63eff000 	C:\WINDOWS\System32\WS2_32.dll
0x00007fff60e50000 - 0x00007fff60e68000 	C:\WINDOWS\SYSTEM32\kernel.appcore.dll
0x00007fff4c460000 - 0x00007fff4c470000 	C:\Program Files\Java\jdk-11.0.15\bin\verify.dll
0x00007fff5f7e0000 - 0x00007fff5fa11000 	C:\WINDOWS\SYSTEM32\DBGHELP.DLL
0x00007fff62fc0000 - 0x00007fff63349000 	C:\WINDOWS\System32\combase.dll
0x00007fff634e0000 - 0x00007fff635b7000 	C:\WINDOWS\System32\OLEAUT32.dll
0x00007fff41920000 - 0x00007fff41952000 	C:\WINDOWS\SYSTEM32\dbgcore.DLL
0x00007fff620a0000 - 0x00007fff6211b000 	C:\WINDOWS\System32\bcryptPrimitives.dll
0x00007fff4c130000 - 0x00007fff4c158000 	C:\Program Files\Java\jdk-11.0.15\bin\java.dll
0x00007fff4c8b0000 - 0x00007fff4c8ba000 	C:\Program Files\Java\jdk-11.0.15\bin\jimage.dll
0x00007fff4c380000 - 0x00007fff4c396000 	C:\Program Files\Java\jdk-11.0.15\bin\zip.dll
0x00007fff63690000 - 0x00007fff63e73000 	C:\WINDOWS\System32\SHELL32.dll
0x00007fff5fe00000 - 0x00007fff606c7000 	C:\WINDOWS\SYSTEM32\windows.storage.dll
0x00007fff5fc70000 - 0x00007fff5fdfa000 	C:\WINDOWS\SYSTEM32\wintypes.dll
0x00007fff642a0000 - 0x00007fff6438c000 	C:\WINDOWS\System32\SHCORE.dll
0x00007fff63f40000 - 0x00007fff63f9e000 	C:\WINDOWS\System32\shlwapi.dll
0x00007fff61dd0000 - 0x00007fff61df3000 	C:\WINDOWS\SYSTEM32\profapi.dll
0x00007fff4c2a0000 - 0x00007fff4c2b9000 	C:\Program Files\Java\jdk-11.0.15\bin\net.dll
0x00007fff5a400000 - 0x00007fff5a52b000 	C:\WINDOWS\SYSTEM32\WINHTTP.dll
0x00007fff61380000 - 0x00007fff613e9000 	C:\WINDOWS\system32\mswsock.dll
0x00007fff489c0000 - 0x00007fff489d2000 	C:\Program Files\Java\jdk-11.0.15\bin\nio.dll
0x000002282ed00000 - 0x000002282ed03000 	C:\Program Files\Java\jdk-11.0.15\bin\api-ms-win-core-console-l1-1-0.dll
0x000002282ed10000 - 0x000002282ed13000 	C:\Program Files\Java\jdk-11.0.15\bin\api-ms-win-core-datetime-l1-1-0.dll
0x000002282ed20000 - 0x000002282ed23000 	C:\Program Files\Java\jdk-11.0.15\bin\api-ms-win-core-debug-l1-1-0.dll
0x000002282ed30000 - 0x000002282ed33000 	C:\Program Files\Java\jdk-11.0.15\bin\api-ms-win-core-errorhandling-l1-1-0.dll
0x000002282ed40000 - 0x000002282ed44000 	C:\Program Files\Java\jdk-11.0.15\bin\api-ms-win-core-file-l1-1-0.dll
0x000002282ed50000 - 0x000002282ed53000 	C:\Program Files\Java\jdk-11.0.15\bin\api-ms-win-core-file-l1-2-0.dll
0x0000022830c40000 - 0x0000022830c43000 	C:\Program Files\Java\jdk-11.0.15\bin\api-ms-win-core-file-l2-1-0.dll
0x0000022830c50000 - 0x0000022830c53000 	C:\Program Files\Java\jdk-11.0.15\bin\api-ms-win-core-handle-l1-1-0.dll
0x0000022830c60000 - 0x0000022830c63000 	C:\Program Files\Java\jdk-11.0.15\bin\api-ms-win-core-heap-l1-1-0.dll
0x0000022830c70000 - 0x0000022830c73000 	C:\Program Files\Java\jdk-11.0.15\bin\api-ms-win-core-interlocked-l1-1-0.dll
0x0000022830c80000 - 0x0000022830c83000 	C:\Program Files\Java\jdk-11.0.15\bin\api-ms-win-core-libraryloader-l1-1-0.dll
0x0000022830c90000 - 0x0000022830c93000 	C:\Program Files\Java\jdk-11.0.15\bin\api-ms-win-core-localization-l1-2-0.dll
0x0000022830ca0000 - 0x0000022830ca3000 	C:\Program Files\Java\jdk-11.0.15\bin\api-ms-win-core-memory-l1-1-0.dll
0x0000022830cb0000 - 0x0000022830cb3000 	C:\Program Files\Java\jdk-11.0.15\bin\api-ms-win-core-namedpipe-l1-1-0.dll
0x0000022830cc0000 - 0x0000022830cc3000 	C:\Program Files\Java\jdk-11.0.15\bin\api-ms-win-core-processenvironment-l1-1-0.dll
0x0000022830cd0000 - 0x0000022830cd3000 	C:\Program Files\Java\jdk-11.0.15\bin\api-ms-win-core-processthreads-l1-1-0.dll
0x0000022830ce0000 - 0x0000022830ce3000 	C:\Program Files\Java\jdk-11.0.15\bin\api-ms-win-core-processthreads-l1-1-1.dll
0x0000022830cf0000 - 0x0000022830cf3000 	C:\Program Files\Java\jdk-11.0.15\bin\api-ms-win-core-profile-l1-1-0.dll
0x0000022830d00000 - 0x0000022830d03000 	C:\Program Files\Java\jdk-11.0.15\bin\api-ms-win-core-rtlsupport-l1-1-0.dll
0x00000228552d0000 - 0x00000228552d3000 	C:\Program Files\Java\jdk-11.0.15\bin\api-ms-win-core-string-l1-1-0.dll
0x00000228552e0000 - 0x00000228552e3000 	C:\Program Files\Java\jdk-11.0.15\bin\api-ms-win-core-synch-l1-1-0.dll
0x00000228552f0000 - 0x00000228552f3000 	C:\Program Files\Java\jdk-11.0.15\bin\api-ms-win-core-synch-l1-2-0.dll
0x0000022855300000 - 0x0000022855303000 	C:\Program Files\Java\jdk-11.0.15\bin\api-ms-win-core-sysinfo-l1-1-0.dll
0x0000022855310000 - 0x0000022855313000 	C:\Program Files\Java\jdk-11.0.15\bin\api-ms-win-core-timezone-l1-1-0.dll
0x0000022855320000 - 0x0000022855323000 	C:\Program Files\Java\jdk-11.0.15\bin\api-ms-win-core-util-l1-1-0.dll
0x0000022855330000 - 0x0000022855333000 	C:\Program Files\Java\jdk-11.0.15\bin\api-ms-win-crt-conio-l1-1-0.dll
0x0000022855340000 - 0x0000022855344000 	C:\Program Files\Java\jdk-11.0.15\bin\api-ms-win-crt-convert-l1-1-0.dll
0x0000022855350000 - 0x0000022855353000 	C:\Program Files\Java\jdk-11.0.15\bin\api-ms-win-crt-environment-l1-1-0.dll
0x0000022855360000 - 0x0000022855363000 	C:\Program Files\Java\jdk-11.0.15\bin\api-ms-win-crt-filesystem-l1-1-0.dll
0x0000022855370000 - 0x0000022855373000 	C:\Program Files\Java\jdk-11.0.15\bin\api-ms-win-crt-heap-l1-1-0.dll
0x0000022855380000 - 0x0000022855383000 	C:\Program Files\Java\jdk-11.0.15\bin\api-ms-win-crt-locale-l1-1-0.dll
0x0000022855390000 - 0x0000022855395000 	C:\Program Files\Java\jdk-11.0.15\bin\api-ms-win-crt-math-l1-1-0.dll
0x00000228553a0000 - 0x00000228553a5000 	C:\Program Files\Java\jdk-11.0.15\bin\api-ms-win-crt-multibyte-l1-1-0.dll
0x00000228553b0000 - 0x00000228553c0000 	C:\Program Files\Java\jdk-11.0.15\bin\api-ms-win-crt-private-l1-1-0.dll
0x00000228553c0000 - 0x00000228553c3000 	C:\Program Files\Java\jdk-11.0.15\bin\api-ms-win-crt-process-l1-1-0.dll
0x00000228553d0000 - 0x00000228553d4000 	C:\Program Files\Java\jdk-11.0.15\bin\api-ms-win-crt-runtime-l1-1-0.dll
0x00000228553e0000 - 0x00000228553e4000 	C:\Program Files\Java\jdk-11.0.15\bin\api-ms-win-crt-stdio-l1-1-0.dll
0x00000228553f0000 - 0x00000228553f4000 	C:\Program Files\Java\jdk-11.0.15\bin\api-ms-win-crt-string-l1-1-0.dll
0x0000022855400000 - 0x0000022855403000 	C:\Program Files\Java\jdk-11.0.15\bin\api-ms-win-crt-time-l1-1-0.dll
0x0000022855410000 - 0x0000022855413000 	C:\Program Files\Java\jdk-11.0.15\bin\api-ms-win-crt-utility-l1-1-0.dll
0x00007fff0ea10000 - 0x00007fff0eb0a000 	C:\Program Files\Java\jdk-11.0.15\bin\ucrtbase.dll
0x00007fff483a0000 - 0x00007fff483ed000 	C:\Windows\System32\concrt140.dll
0x00007fff48430000 - 0x00007fff4843c000 	C:\WINDOWS\SYSTEM32\VCRUNTIME140_1.dll
0x00007fff47be0000 - 0x00007fff47c03000 	C:\Users\ahmad\.openjfx\cache\11.0.2\prism_d3d.dll
0x00007fff50060000 - 0x00007fff5020a000 	C:\WINDOWS\system32\d3d9.dll
0x00007fff5f230000 - 0x00007fff5f25b000 	C:\WINDOWS\SYSTEM32\dwmapi.dll
0x00007fff5f0e0000 - 0x00007fff5f116000 	C:\WINDOWS\SYSTEM32\dxcore.dll
0x00007fff5efc0000 - 0x00007fff5f069000 	C:\WINDOWS\system32\uxtheme.dll
0x00007ffef5520000 - 0x00007ffef56cc000 	C:\WINDOWS\System32\DriverStore\FileRepository\14_asus_coffeelake_hws_iigd_dch.inf_amd64_5b858cf2f92bf5ec\igdumdim64.dll
0x00007fff648e0000 - 0x00007fff64a7c000 	C:\WINDOWS\System32\ole32.dll
0x00007ffebb810000 - 0x00007ffec006b000 	C:\WINDOWS\System32\DriverStore\FileRepository\14_asus_coffeelake_hws_iigd_dch.inf_amd64_5b858cf2f92bf5ec\igd9dxva64.dll
0x00007fff62970000 - 0x00007fff62de4000 	C:\WINDOWS\System32\SETUPAPI.dll
0x00007fff61b20000 - 0x00007fff61b6f000 	C:\WINDOWS\SYSTEM32\cfgmgr32.dll
0x00007fff54e80000 - 0x00007fff5528a000 	C:\WINDOWS\System32\DriverStore\FileRepository\14_asus_coffeelake_hws_iigd_dch.inf_amd64_5b858cf2f92bf5ec\igdgmm64.dll
0x00007fff5a140000 - 0x00007fff5a188000 	C:\WINDOWS\SYSTEM32\directxdatabasehelper.dll
0x00007fff456e0000 - 0x00007fff45725000 	C:\Users\ahmad\.openjfx\cache\11.0.2\glass.dll
0x00007fff64130000 - 0x00007fff64225000 	C:\WINDOWS\System32\COMDLG32.dll
0x00007fff1d5b0000 - 0x00007fff1d6e1000 	C:\ProgramData\A-Volute\A-Volute.SonicStudio3\Modules\ScheduledModules\x64\AudioDevProps2.dll
0x00007fff63fa0000 - 0x00007fff640cf000 	C:\WINDOWS\System32\MSCTF.dll
0x00007fff1cc40000 - 0x00007fff1cc67000 	C:\WINDOWS\System32\DriverStore\FileRepository\14_asus_coffeelake_hws_iigd_dch.inf_amd64_5b858cf2f92bf5ec\igdinfo64.dll
0x00007fff502d0000 - 0x00007fff54940000 	C:\WINDOWS\System32\DriverStore\FileRepository\14_asus_coffeelake_hws_iigd_dch.inf_amd64_5b858cf2f92bf5ec\igc64.dll
0x00007fff45990000 - 0x00007fff459a4000 	C:\Users\ahmad\.openjfx\cache\11.0.2\javafx_font.dll
0x00007fff5d220000 - 0x00007fff5d488000 	C:\WINDOWS\SYSTEM32\dwrite.dll
0x00007fff457a0000 - 0x00007fff457cc000 	C:\Users\ahmad\.openjfx\cache\11.0.2\javafx_iio.dll
0x00007fff635d0000 - 0x00007fff63680000 	C:\WINDOWS\System32\clbcatq.dll
0x00007fff5cfd0000 - 0x00007fff5d171000 	C:\WINDOWS\SYSTEM32\WindowsCodecs.dll
0x00007fff2d850000 - 0x00007fff2d8ae000 	C:\WINDOWS\system32\dataexchange.dll
0x00007fff5b730000 - 0x00007fff5b98e000 	C:\WINDOWS\system32\twinapi.appcore.dll
0x00007fff45910000 - 0x00007fff45942000 	C:\Program Files\Common Files\Microsoft Shared\Ink\rtscom.dll
0x00007fff4cf70000 - 0x00007fff4d09d000 	C:\WINDOWS\SYSTEM32\textinputframework.dll
0x00007fff5e560000 - 0x00007fff5e694000 	C:\WINDOWS\SYSTEM32\CoreMessaging.dll
0x00007fff597c0000 - 0x00007fff59b2c000 	C:\WINDOWS\SYSTEM32\CoreUIComponents.dll
0x00007fff61690000 - 0x00007fff6169c000 	C:\WINDOWS\SYSTEM32\CRYPTBASE.DLL
0x00007fff31410000 - 0x00007fff314c0000 	C:\WINDOWS\SYSTEM32\TextShaping.dll
0x00007fff609a0000 - 0x00007fff60a9e000 	C:\WINDOWS\SYSTEM32\DNSAPI.dll
0x00007fff60930000 - 0x00007fff6095d000 	C:\WINDOWS\SYSTEM32\IPHLPAPI.DLL
0x00007fff63e80000 - 0x00007fff63e89000 	C:\WINDOWS\System32\NSI.dll
0x00007fff58f70000 - 0x00007fff58f7a000 	C:\Windows\System32\rasadhlp.dll
0x00007fff59450000 - 0x00007fff594d3000 	C:\WINDOWS\System32\fwpuclnt.dll

dbghelp: loaded successfully - version: 4.0.5 - missing functions: none
symbol engine: initialized successfully - sym options: 0x614 - pdb path: .;C:\Program Files\Java\jdk-11.0.15\bin;C:\WINDOWS\SYSTEM32;C:\WINDOWS\WinSxS\amd64_microsoft.windows.common-controls_6595b64144ccf1df_6.0.25188.1000_none_79003e7f0fe4f35d;C:\Program Files\Java\jdk-11.0.15\bin\server;C:\Users\ahmad\.openjfx\cache\11.0.2;C:\WINDOWS\System32\DriverStore\FileRepository\14_asus_coffeelake_hws_iigd_dch.inf_amd64_5b858cf2f92bf5ec;C:\ProgramData\A-Volute\A-Volute.SonicStudio3\Modules\ScheduledModules\x64;C:\Program Files\Common Files\Microsoft Shared\Ink

VM Arguments:
java_command: C:\Users\ahmad\IdeaProjects\BarberShopFX\out\artifacts\BarberShopFX_jar\BarberShopFX.jar
java_class_path (initial): C:\Users\ahmad\IdeaProjects\BarberShopFX\out\artifacts\BarberShopFX_jar\BarberShopFX.jar
Launcher Type: SUN_STANDARD

[Global flags]
     intx CICompilerCount                          = 4                                         {product} {ergonomic}
     uint ConcGCThreads                            = 3                                         {product} {ergonomic}
     uint G1ConcRefinementThreads                  = 10                                        {product} {ergonomic}
   size_t G1HeapRegionSize                         = 1048576                                   {product} {ergonomic}
    uintx GCDrainStackTargetSize                   = 64                                        {product} {ergonomic}
   size_t InitialHeapSize                          = 266338304                                 {product} {ergonomic}
   size_t MarkStackSize                            = 4194304                                   {product} {ergonomic}
   size_t MaxHeapSize                              = 4257218560                                {product} {ergonomic}
   size_t MaxNewSize                               = 2554331136                                {product} {ergonomic}
   size_t MinHeapDeltaBytes                        = 1048576                                   {product} {ergonomic}
    uintx NonNMethodCodeHeapSize                   = 5836300                                {pd product} {ergonomic}
    uintx NonProfiledCodeHeapSize                  = 122910970                              {pd product} {ergonomic}
    uintx ProfiledCodeHeapSize                     = 122910970                              {pd product} {ergonomic}
    uintx ReservedCodeCacheSize                    = 251658240                              {pd product} {ergonomic}
     bool SegmentedCodeCache                       = true                                      {product} {ergonomic}
     bool UseCompressedClassPointers               = true                                 {lp64_product} {ergonomic}
     bool UseCompressedOops                        = true                                 {lp64_product} {ergonomic}
     bool UseG1GC                                  = true                                      {product} {ergonomic}
     bool UseLargePagesIndividualAllocation        = false                                  {pd product} {ergonomic}

Logging:
Log output configuration:
 #0: stdout all=warning uptime,level,tags
 #1: stderr all=off uptime,level,tags

Environment Variables:
PATH=C:\Program Files\Common Files\Oracle\Java\javapath;C:\Program Files (x86)\Common Files\Oracle\Java\javapath;C:\ProgramData\Oracle\Java\javapath;C:\Program Files\Java\jdk1.8.0_112\bin;C:\Windows\system32;C:\Windows;C:\Windows\System32\Wbem;C:\Windows\System32\WindowsPowerShell\v1.0\;C:\Windows\System32\OpenSSH\;C:\Program Files (x86)\NVIDIA Corporation\PhysX\Common;C:\Program Files\NVIDIA Corporation\NVIDIA NvDLISR;C:\Program Files\dotnet\;C:\WINDOWS\system32;C:\WINDOWS;C:\WINDOWS\System32\Wbem;C:\WINDOWS\System32\WindowsPowerShell\v1.0\;C:\WINDOWS\System32\OpenSSH\;C:\TDM-GCC-64\bin;C:\xampp\php;C:\ProgramData\ComposerSetup\bin;C:\Program Files\Git\cmd;C:\Users\ahmad\AppData\Local\Microsoft\WindowsApps;C:\Users\ahmad\AppData\Local\atom\bin;C:\Dev\flutter\bin;;C:\Users\ahmad\AppData\Local\Programs\Microsoft VS Code\bin;C:\Users\ahmad\.dotnet\tools;C:\Users\ahmad\AppData\Local\Microsoft\WindowsApps;C:\Users\ahmad\AppData\Roaming\Composer\vendor\bin
USERNAME=ahmad
OS=Windows_NT
PROCESSOR_IDENTIFIER=Intel64 Family 6 Model 158 Stepping 10, GenuineIntel



---------------  S Y S T E M  ---------------

OS: Windows 11 , 64 bit Build 25188 (10.0.25188.1000)

CPU:total 12 (initial active 12) (6 cores per cpu, 2 threads per core) family 6 model 158 stepping 10 microcode 0xde, cmov, cx8, fxsr, mmx, sse, sse2, sse3, ssse3, sse4.1, sse4.2, popcnt, avx, avx2, aes, clmul, erms, 3dnowpref, lzcnt, ht, tsc, tscinvbit, bmi1, bmi2, adx, fma

Memory: 4k page, system-wide physical 16235M (4900M free)
TotalPageFile size 24427M (AvailPageFile size 10867M)
current process WorkingSet (physical memory assigned to process): 332M, peak: 345M
current process commit charge ("private bytes"): 462M, peak: 530M

vm_info: Java HotSpot(TM) 64-Bit Server VM (11.0.15+8-LTS-149) for windows-amd64 JRE (11.0.15+8-LTS-149), built on Mar  9 2022 22:42:32 by "mach5one" with MS VC++ 15.9 (VS2017)

END.
